<?xml version="1.0" encoding="UTF-8"?>
<!-- Generated by org.testng.reporters.JUnitReportReporter -->
<testsuite hostname="DESKTOP-OE9L8AE" failures="0" tests="2" name="Chromedriver.tesgtngdemo1" time="12.978" errors="0" timestamp="2022-07-30T11:39:57 IST" skipped="0">
  <testcase classname="Chromedriver.tesgtngdemo1" name="google" time="6.856"/>
  <system-out/>
  <testcase classname="Chromedriver.tesgtngdemo1" name="amazon" time="6.122"/>
  <system-out/>
</testsuite> <!-- Chromedriver.tesgtngdemo1 -->
